state 39 contains 1 shift/reduce conflicts
state 60 contains 18 shift/reduce conflicts
state 82 contains 1 shift/reduce conflicts
state 84 contains 1 shift/reduce conflicts
state 85 contains 1 shift/reduce conflicts
state 86 contains 1 shift/reduce conflicts
state 97 contains 1 shift/reduce conflicts
state 100 contains 18 shift/reduce conflicts
state 101 contains 1 shift/reduce conflicts
state 102 contains 1 shift/reduce conflicts
state 103 contains 1 shift/reduce conflicts
state 104 contains 1 shift/reduce conflicts
state 105 contains 1 shift/reduce conflicts
state 106 contains 1 shift/reduce conflicts
state 107 contains 1 shift/reduce conflicts
state 108 contains 1 shift/reduce conflicts
state 110 contains 1 shift/reduce conflicts
state 111 contains 1 shift/reduce conflicts
state 112 contains 1 shift/reduce conflicts
state 113 contains 1 shift/reduce conflicts
state 114 contains 1 shift/reduce conflicts
state 115 contains 1 shift/reduce conflicts


-------- Grammar --------

rule 1 S: Bloque
rule 2 Bloque: "with" Declaraciones "begin" Instrucciones "end"
rule 3 Bloque: "begin" Instrucciones "end"
rule 4 Declaraciones: Declaracion Declaraciones
rule 5 Declaraciones: 
rule 6 Declaracion: "var" ListaId ":" Tipo
rule 7 Tipo: "int"
rule 8 Tipo: "bool"
rule 9 Tipo: "char"
rule 10 Tipo: "array" "[" Expresion "]" "of" Tipo
rule 11 ListaId: Id "," ListaId
rule 12 ListaId: Asignacion "," ListaId
rule 13 ListaId: Id
rule 14 ListaId: Asignacion
rule 15 Asignacion: Id "<-" Expresion
rule 16 Asignacion: Id ListaCorchetes "=" Expresion
rule 17 ListaCorchetes: "[" Expresion "]"
rule 18 ListaCorchetes: "[" Expresion "]" ListaCorchetes
rule 19 Instrucciones: Instruccion Instrucciones
rule 20 Instrucciones: Instruccion
rule 21 Instruccion: Asignacion ";"
rule 22 Instruccion: Bloque
rule 23 Instruccion: Condicional
rule 24 Instruccion: IteracionInd
rule 25 Instruccion: IteracionDet
rule 26 Instruccion: Entrada ";"
rule 27 Instruccion: Salida ";"
rule 28 Condicional: "if" Expresion "->" Instrucciones "end"
rule 29 Condicional: "if" Expresion "->" Instrucciones "otherwise" "->" Instrucciones "end"
rule 30 IteracionInd: "while" Expresion "->" Instrucciones "end"
rule 31 IteracionDet: "for" Id "from" Expresion "to" Expresion "->" Instrucciones "end"
rule 32 IteracionDet: "for" Id "from" Expresion "to" Expresion "step" Expresion "->" Instrucciones "end"
rule 33 Entrada: "read" Id
rule 34 Salida: "print" Expresion
rule 35 Expresion: Literal
rule 36 Expresion: "-" Expresion
rule 37 Expresion: "(" Expresion ")"
rule 38 Expresion: Expresion "." Expresion
rule 39 Expresion: Expresion "+" Expresion
rule 40 Expresion: Expresion "-" Expresion
rule 41 Expresion: Expresion "*" Expresion
rule 42 Expresion: Expresion "/" Expresion
rule 43 Expresion: Expresion "%" Expresion
rule 44 Expresion: Expresion "\\/" Expresion
rule 45 Expresion: Expresion "/\\" Expresion
rule 46 Expresion: "not" Expresion
rule 47 Expresion: Expresion "++"
rule 48 Expresion: Expresion "--"
rule 49 Expresion: "#" Expresion
rule 50 Expresion: Expresion "::" Expresion
rule 51 Expresion: "$" Expresion
rule 52 Expresion: Expresion "[" Expresion "]"
rule 53 Expresion: Expresion "<" Expresion
rule 54 Expresion: Expresion "<=" Expresion
rule 55 Expresion: Expresion ">" Expresion
rule 56 Expresion: Expresion ">=" Expresion
rule 57 Expresion: Expresion "=" Expresion
rule 58 Expresion: Expresion "/=" Expresion
rule 59 Expresion: Asignacion
rule 60 Literal: Id
rule 61 Literal: "tknum"
rule 62 Literal: "tkcaracter"
rule 63 Literal: "true"
rule 64 Literal: "false"
rule 65 Id: "tkid"

------- Symbols -------

**Nonterminals, with rules where they appear

  $start (58)
    on right: 
    on left : 
  S (59)
    on right: 
    on left : 1
  Bloque (60)
    on right: 1 22
    on left : 2 3
  Declaraciones (61)
    on right: 2 4
    on left : 4 5
  Instrucciones (62)
    on right: 2 3 19 28 29 30 31 32
    on left : 19 20
  Declaracion (63)
    on right: 4
    on left : 6
  ListaId (64)
    on right: 6 11 12
    on left : 11 12 13 14
  Tipo (65)
    on right: 6 10
    on left : 7 8 9 10
  Expresion (66)
    on right: 10 15 16 17 18 28 29 30 31 32 34 36 37 38 39 40 41 42 43 44 45 46 47 48 49 50 51 52 53 54 55 56 57 58
    on left : 35 36 37 38 39 40 41 42 43 44 45 46 47 48 49 50 51 52 53 54 55 56 57 58 59
  Id (67)
    on right: 11 13 15 16 31 32 33 60
    on left : 65
  Asignacion (68)
    on right: 12 14 21 59
    on left : 15 16
  ListaCorchetes (69)
    on right: 16 18
    on left : 17 18
  Instruccion (70)
    on right: 19 20
    on left : 21 22 23 24 25 26 27
  Condicional (71)
    on right: 23
    on left : 28 29
  IteracionInd (72)
    on right: 24
    on left : 30
  IteracionDet (73)
    on right: 25
    on left : 31 32
  Entrada (74)
    on right: 26
    on left : 33
  Salida (75)
    on right: 27
    on left : 34
  Literal (76)
    on right: 35
    on left : 60 61 62 63 64

**Terminals, with rules where they appear

  $end (0) 
  error (1) 
  "TkId" (2) 
  "TkNum" (3) 
  "TkCaracter" (4) 
  ")" (5) 37
  "(" (6) 37
  "[" (7) 10 17 18 52
  "]" (8) 10 17 18 52
  "::" (9) 50
  "$" (10) 51
  "++" (11) 47
  "--" (12) 48
  "#" (13) 49
  "+" (14) 39
  "-" (15) 36 40
  "*" (16) 41
  "/" (17) 42
  "%" (18) 43
  UMINUS (19) 
  "\\/" (20) 44
  "/\\" (21) 45
  "not" (22) 46
  "=" (23) 16 57
  "/=" (24) 58
  ">=" (25) 56
  "<=" (26) 54
  ">" (27) 55
  "<" (28) 53
  "with" (29) 2
  "begin" (30) 2 3
  "end" (31) 2 3 28 29 30 31 32
  "array" (32) 10
  "var" (33) 6
  "of" (34) 10
  "int" (35) 7
  "bool" (36) 8
  "char" (37) 9
  "if" (38) 28 29
  "otherwise" (39) 29
  "while" (40) 30
  "for" (41) 31 32
  "from" (42) 31 32
  "to" (43) 31 32
  "step" (44) 32
  "read" (45) 33
  "print" (46) 34
  "," (47) 11 12
  "." (48) 38
  ";" (49) 21 26 27
  ":" (50) 6
  "->" (51) 28 29 30 31 32
  "<-" (52) 15
  "true" (53) 63
  "false" (54) 64
  "tkid" (55) 65
  "tknum" (56) 61
  "tkcaracter" (57) 62

--------- State ---------

state 0


  "with"        shift, and go to state 3
  "begin"       shift, and go to state 4

  S             go to state 1
  Bloque        go to state 2

state 1


  $end          shift, and go to state 5


state 2

   1) S : Bloque _

  $default      reduce using rule 1 (S)


state 3

   2) Bloque : "with" _ Declaraciones "begin" Instrucciones "end"

  "var"         shift, and go to state 8
  $default      reduce using rule 5 (Declaraciones)

  Declaraciones  go to state 6
  Declaracion   go to state 7

state 4

   3) Bloque : "begin" _ Instrucciones "end"

  "with"        shift, and go to state 3
  "begin"       shift, and go to state 4
  "if"          shift, and go to state 19
  "while"       shift, and go to state 20
  "for"         shift, and go to state 21
  "read"        shift, and go to state 22
  "print"       shift, and go to state 23
  "tkid"        shift, and go to state 24

  Instrucciones  go to state 9
  Id            go to state 10
  Instruccion   go to state 11
  Asignacion    go to state 12
  Bloque        go to state 13
  Condicional   go to state 14
  IteracionInd  go to state 15
  IteracionDet  go to state 16
  Entrada       go to state 17
  Salida        go to state 18

state 5


  $end          shift, and go to state 25


state 6

   2) Bloque : "with" Declaraciones _ "begin" Instrucciones "end"

  "begin"       shift, and go to state 26


state 7

   4) Declaraciones : Declaracion _ Declaraciones

  "var"         shift, and go to state 8
  $default      reduce using rule 5 (Declaraciones)

  Declaracion   go to state 7
  Declaraciones  go to state 27

state 8

   6) Declaracion : "var" _ ListaId ":" Tipo

  "tkid"        shift, and go to state 24

  ListaId       go to state 28
  Id            go to state 29
  Asignacion    go to state 30

state 9

   3) Bloque : "begin" Instrucciones _ "end"

  "end"         shift, and go to state 31


state 10

  15) Asignacion : Id _ "<-" Expresion
  16) Asignacion : Id _ ListaCorchetes "=" Expresion

  "["           shift, and go to state 34
  "<-"          shift, and go to state 32

  ListaCorchetes  go to state 33

state 11

  19) Instrucciones : Instruccion _ Instrucciones
  20) Instrucciones : Instruccion _

  "with"        shift, and go to state 3
  "begin"       shift, and go to state 4
  "if"          shift, and go to state 19
  "while"       shift, and go to state 20
  "for"         shift, and go to state 21
  "read"        shift, and go to state 22
  "print"       shift, and go to state 23
  "tkid"        shift, and go to state 24
  $default      reduce using rule 20 (Instrucciones)

  Id            go to state 10
  Instruccion   go to state 11
  Instrucciones  go to state 35
  Asignacion    go to state 12
  Bloque        go to state 13
  Condicional   go to state 14
  IteracionInd  go to state 15
  IteracionDet  go to state 16
  Entrada       go to state 17
  Salida        go to state 18

state 12

  21) Instruccion : Asignacion _ ";"

  ";"           shift, and go to state 36


state 13

  22) Instruccion : Bloque _

  $default      reduce using rule 22 (Instruccion)


state 14

  23) Instruccion : Condicional _

  $default      reduce using rule 23 (Instruccion)


state 15

  24) Instruccion : IteracionInd _

  $default      reduce using rule 24 (Instruccion)


state 16

  25) Instruccion : IteracionDet _

  $default      reduce using rule 25 (Instruccion)


state 17

  26) Instruccion : Entrada _ ";"

  ";"           shift, and go to state 37


state 18

  27) Instruccion : Salida _ ";"

  ";"           shift, and go to state 38


state 19

  28) Condicional : "if" _ Expresion "->" Instrucciones "end"
  29) Condicional : "if" _ Expresion "->" Instrucciones "otherwise" "->" Instrucciones "end"

  "("           shift, and go to state 43
  "$"           shift, and go to state 46
  "#"           shift, and go to state 45
  "-"           shift, and go to state 42
  "not"         shift, and go to state 44
  "true"        shift, and go to state 50
  "false"       shift, and go to state 51
  "tkid"        shift, and go to state 24
  "tknum"       shift, and go to state 48
  "tkcaracter"  shift, and go to state 49

  Id            go to state 39
  Expresion     go to state 40
  Literal       go to state 41
  Asignacion    go to state 47

state 20

  30) IteracionInd : "while" _ Expresion "->" Instrucciones "end"

  "("           shift, and go to state 43
  "$"           shift, and go to state 46
  "#"           shift, and go to state 45
  "-"           shift, and go to state 42
  "not"         shift, and go to state 44
  "true"        shift, and go to state 50
  "false"       shift, and go to state 51
  "tkid"        shift, and go to state 24
  "tknum"       shift, and go to state 48
  "tkcaracter"  shift, and go to state 49

  Id            go to state 39
  Expresion     go to state 52
  Literal       go to state 41
  Asignacion    go to state 47

state 21

  31) IteracionDet : "for" _ Id "from" Expresion "to" Expresion "->" Instrucciones "end"
  32) IteracionDet : "for" _ Id "from" Expresion "to" Expresion "step" Expresion "->" Instrucciones "end"

  "tkid"        shift, and go to state 24

  Id            go to state 53

state 22

  33) Entrada : "read" _ Id

  "tkid"        shift, and go to state 24

  Id            go to state 54

state 23

  34) Salida : "print" _ Expresion

  "("           shift, and go to state 43
  "$"           shift, and go to state 46
  "#"           shift, and go to state 45
  "-"           shift, and go to state 42
  "not"         shift, and go to state 44
  "true"        shift, and go to state 50
  "false"       shift, and go to state 51
  "tkid"        shift, and go to state 24
  "tknum"       shift, and go to state 48
  "tkcaracter"  shift, and go to state 49

  Id            go to state 39
  Expresion     go to state 55
  Literal       go to state 41
  Asignacion    go to state 47

state 24

  65) Id : "tkid" _

  $default      reduce using rule 65 (Id)


state 25


  $default      accept


state 26

   2) Bloque : "with" Declaraciones "begin" _ Instrucciones "end"

  "with"        shift, and go to state 3
  "begin"       shift, and go to state 4
  "if"          shift, and go to state 19
  "while"       shift, and go to state 20
  "for"         shift, and go to state 21
  "read"        shift, and go to state 22
  "print"       shift, and go to state 23
  "tkid"        shift, and go to state 24

  Instrucciones  go to state 56
  Id            go to state 10
  Instruccion   go to state 11
  Asignacion    go to state 12
  Bloque        go to state 13
  Condicional   go to state 14
  IteracionInd  go to state 15
  IteracionDet  go to state 16
  Entrada       go to state 17
  Salida        go to state 18

state 27

   4) Declaraciones : Declaracion Declaraciones _

  $default      reduce using rule 4 (Declaraciones)


state 28

   6) Declaracion : "var" ListaId _ ":" Tipo

  ":"           shift, and go to state 57


state 29

  11) ListaId : Id _ "," ListaId
  13) ListaId : Id _
  15) Asignacion : Id _ "<-" Expresion
  16) Asignacion : Id _ ListaCorchetes "=" Expresion

  "["           shift, and go to state 34
  ","           shift, and go to state 58
  "<-"          shift, and go to state 32
  $default      reduce using rule 13 (ListaId)

  ListaCorchetes  go to state 33

state 30

  12) ListaId : Asignacion _ "," ListaId
  14) ListaId : Asignacion _

  ","           shift, and go to state 59
  $default      reduce using rule 14 (ListaId)


state 31

   3) Bloque : "begin" Instrucciones "end" _

  $default      reduce using rule 3 (Bloque)


state 32

  15) Asignacion : Id "<-" _ Expresion

  "("           shift, and go to state 43
  "$"           shift, and go to state 46
  "#"           shift, and go to state 45
  "-"           shift, and go to state 42
  "not"         shift, and go to state 44
  "true"        shift, and go to state 50
  "false"       shift, and go to state 51
  "tkid"        shift, and go to state 24
  "tknum"       shift, and go to state 48
  "tkcaracter"  shift, and go to state 49

  Id            go to state 39
  Expresion     go to state 60
  Literal       go to state 41
  Asignacion    go to state 47

state 33

  16) Asignacion : Id ListaCorchetes _ "=" Expresion

  "="           shift, and go to state 61


state 34

  17) ListaCorchetes : "[" _ Expresion "]"
  18) ListaCorchetes : "[" _ Expresion "]" ListaCorchetes

  "("           shift, and go to state 43
  "$"           shift, and go to state 46
  "#"           shift, and go to state 45
  "-"           shift, and go to state 42
  "not"         shift, and go to state 44
  "true"        shift, and go to state 50
  "false"       shift, and go to state 51
  "tkid"        shift, and go to state 24
  "tknum"       shift, and go to state 48
  "tkcaracter"  shift, and go to state 49

  Id            go to state 39
  Expresion     go to state 62
  Literal       go to state 41
  Asignacion    go to state 47

state 35

  19) Instrucciones : Instruccion Instrucciones _

  $default      reduce using rule 19 (Instrucciones)


state 36

  21) Instruccion : Asignacion ";" _

  $default      reduce using rule 21 (Instruccion)


state 37

  26) Instruccion : Entrada ";" _

  $default      reduce using rule 26 (Instruccion)


state 38

  27) Instruccion : Salida ";" _

  $default      reduce using rule 27 (Instruccion)


state 39

  15) Asignacion : Id _ "<-" Expresion
  16) Asignacion : Id _ ListaCorchetes "=" Expresion
  60) Literal : Id _

  "["           shift, and go to state 34
  "["           [reduce using rule 60 (Literal)]
  "<-"          shift, and go to state 32
  $default      reduce using rule 60 (Literal)

  ListaCorchetes  go to state 33

state 40

  28) Condicional : "if" Expresion _ "->" Instrucciones "end"
  29) Condicional : "if" Expresion _ "->" Instrucciones "otherwise" "->" Instrucciones "end"
  38) Expresion : Expresion _ "." Expresion
  39) Expresion : Expresion _ "+" Expresion
  40) Expresion : Expresion _ "-" Expresion
  41) Expresion : Expresion _ "*" Expresion
  42) Expresion : Expresion _ "/" Expresion
  43) Expresion : Expresion _ "%" Expresion
  44) Expresion : Expresion _ "\\/" Expresion
  45) Expresion : Expresion _ "/\\" Expresion
  47) Expresion : Expresion _ "++"
  48) Expresion : Expresion _ "--"
  50) Expresion : Expresion _ "::" Expresion
  52) Expresion : Expresion _ "[" Expresion "]"
  53) Expresion : Expresion _ "<" Expresion
  54) Expresion : Expresion _ "<=" Expresion
  55) Expresion : Expresion _ ">" Expresion
  56) Expresion : Expresion _ ">=" Expresion
  57) Expresion : Expresion _ "=" Expresion
  58) Expresion : Expresion _ "/=" Expresion

  "["           shift, and go to state 75
  "::"          shift, and go to state 74
  "++"          shift, and go to state 72
  "--"          shift, and go to state 73
  "+"           shift, and go to state 65
  "-"           shift, and go to state 66
  "*"           shift, and go to state 67
  "/"           shift, and go to state 68
  "%"           shift, and go to state 69
  "\\/"         shift, and go to state 70
  "/\\"         shift, and go to state 71
  "="           shift, and go to state 80
  "/="          shift, and go to state 81
  ">="          shift, and go to state 79
  "<="          shift, and go to state 77
  ">"           shift, and go to state 78
  "<"           shift, and go to state 76
  "."           shift, and go to state 64
  "->"          shift, and go to state 63


state 41

  35) Expresion : Literal _

  $default      reduce using rule 35 (Expresion)


state 42

  36) Expresion : "-" _ Expresion

  "("           shift, and go to state 43
  "$"           shift, and go to state 46
  "#"           shift, and go to state 45
  "-"           shift, and go to state 42
  "not"         shift, and go to state 44
  "true"        shift, and go to state 50
  "false"       shift, and go to state 51
  "tkid"        shift, and go to state 24
  "tknum"       shift, and go to state 48
  "tkcaracter"  shift, and go to state 49

  Id            go to state 39
  Literal       go to state 41
  Expresion     go to state 82
  Asignacion    go to state 47

state 43

  37) Expresion : "(" _ Expresion ")"

  "("           shift, and go to state 43
  "$"           shift, and go to state 46
  "#"           shift, and go to state 45
  "-"           shift, and go to state 42
  "not"         shift, and go to state 44
  "true"        shift, and go to state 50
  "false"       shift, and go to state 51
  "tkid"        shift, and go to state 24
  "tknum"       shift, and go to state 48
  "tkcaracter"  shift, and go to state 49

  Id            go to state 39
  Literal       go to state 41
  Expresion     go to state 83
  Asignacion    go to state 47

state 44

  46) Expresion : "not" _ Expresion

  "("           shift, and go to state 43
  "$"           shift, and go to state 46
  "#"           shift, and go to state 45
  "-"           shift, and go to state 42
  "not"         shift, and go to state 44
  "true"        shift, and go to state 50
  "false"       shift, and go to state 51
  "tkid"        shift, and go to state 24
  "tknum"       shift, and go to state 48
  "tkcaracter"  shift, and go to state 49

  Id            go to state 39
  Literal       go to state 41
  Expresion     go to state 84
  Asignacion    go to state 47

state 45

  49) Expresion : "#" _ Expresion

  "("           shift, and go to state 43
  "$"           shift, and go to state 46
  "#"           shift, and go to state 45
  "-"           shift, and go to state 42
  "not"         shift, and go to state 44
  "true"        shift, and go to state 50
  "false"       shift, and go to state 51
  "tkid"        shift, and go to state 24
  "tknum"       shift, and go to state 48
  "tkcaracter"  shift, and go to state 49

  Id            go to state 39
  Literal       go to state 41
  Expresion     go to state 85
  Asignacion    go to state 47

state 46

  51) Expresion : "$" _ Expresion

  "("           shift, and go to state 43
  "$"           shift, and go to state 46
  "#"           shift, and go to state 45
  "-"           shift, and go to state 42
  "not"         shift, and go to state 44
  "true"        shift, and go to state 50
  "false"       shift, and go to state 51
  "tkid"        shift, and go to state 24
  "tknum"       shift, and go to state 48
  "tkcaracter"  shift, and go to state 49

  Id            go to state 39
  Literal       go to state 41
  Expresion     go to state 86
  Asignacion    go to state 47

state 47

  59) Expresion : Asignacion _

  $default      reduce using rule 59 (Expresion)


state 48

  61) Literal : "tknum" _

  $default      reduce using rule 61 (Literal)


state 49

  62) Literal : "tkcaracter" _

  $default      reduce using rule 62 (Literal)


state 50

  63) Literal : "true" _

  $default      reduce using rule 63 (Literal)


state 51

  64) Literal : "false" _

  $default      reduce using rule 64 (Literal)


state 52

  30) IteracionInd : "while" Expresion _ "->" Instrucciones "end"
  38) Expresion : Expresion _ "." Expresion
  39) Expresion : Expresion _ "+" Expresion
  40) Expresion : Expresion _ "-" Expresion
  41) Expresion : Expresion _ "*" Expresion
  42) Expresion : Expresion _ "/" Expresion
  43) Expresion : Expresion _ "%" Expresion
  44) Expresion : Expresion _ "\\/" Expresion
  45) Expresion : Expresion _ "/\\" Expresion
  47) Expresion : Expresion _ "++"
  48) Expresion : Expresion _ "--"
  50) Expresion : Expresion _ "::" Expresion
  52) Expresion : Expresion _ "[" Expresion "]"
  53) Expresion : Expresion _ "<" Expresion
  54) Expresion : Expresion _ "<=" Expresion
  55) Expresion : Expresion _ ">" Expresion
  56) Expresion : Expresion _ ">=" Expresion
  57) Expresion : Expresion _ "=" Expresion
  58) Expresion : Expresion _ "/=" Expresion

  "["           shift, and go to state 75
  "::"          shift, and go to state 74
  "++"          shift, and go to state 72
  "--"          shift, and go to state 73
  "+"           shift, and go to state 65
  "-"           shift, and go to state 66
  "*"           shift, and go to state 67
  "/"           shift, and go to state 68
  "%"           shift, and go to state 69
  "\\/"         shift, and go to state 70
  "/\\"         shift, and go to state 71
  "="           shift, and go to state 80
  "/="          shift, and go to state 81
  ">="          shift, and go to state 79
  "<="          shift, and go to state 77
  ">"           shift, and go to state 78
  "<"           shift, and go to state 76
  "."           shift, and go to state 64
  "->"          shift, and go to state 87


state 53

  31) IteracionDet : "for" Id _ "from" Expresion "to" Expresion "->" Instrucciones "end"
  32) IteracionDet : "for" Id _ "from" Expresion "to" Expresion "step" Expresion "->" Instrucciones "end"

  "from"        shift, and go to state 88


state 54

  33) Entrada : "read" Id _

  $default      reduce using rule 33 (Entrada)


state 55

  34) Salida : "print" Expresion _
  38) Expresion : Expresion _ "." Expresion
  39) Expresion : Expresion _ "+" Expresion
  40) Expresion : Expresion _ "-" Expresion
  41) Expresion : Expresion _ "*" Expresion
  42) Expresion : Expresion _ "/" Expresion
  43) Expresion : Expresion _ "%" Expresion
  44) Expresion : Expresion _ "\\/" Expresion
  45) Expresion : Expresion _ "/\\" Expresion
  47) Expresion : Expresion _ "++"
  48) Expresion : Expresion _ "--"
  50) Expresion : Expresion _ "::" Expresion
  52) Expresion : Expresion _ "[" Expresion "]"
  53) Expresion : Expresion _ "<" Expresion
  54) Expresion : Expresion _ "<=" Expresion
  55) Expresion : Expresion _ ">" Expresion
  56) Expresion : Expresion _ ">=" Expresion
  57) Expresion : Expresion _ "=" Expresion
  58) Expresion : Expresion _ "/=" Expresion

  "["           shift, and go to state 75
  "::"          shift, and go to state 74
  "++"          shift, and go to state 72
  "--"          shift, and go to state 73
  "+"           shift, and go to state 65
  "-"           shift, and go to state 66
  "*"           shift, and go to state 67
  "/"           shift, and go to state 68
  "%"           shift, and go to state 69
  "\\/"         shift, and go to state 70
  "/\\"         shift, and go to state 71
  "="           shift, and go to state 80
  "/="          shift, and go to state 81
  ">="          shift, and go to state 79
  "<="          shift, and go to state 77
  ">"           shift, and go to state 78
  "<"           shift, and go to state 76
  "."           shift, and go to state 64
  $default      reduce using rule 34 (Salida)


state 56

   2) Bloque : "with" Declaraciones "begin" Instrucciones _ "end"

  "end"         shift, and go to state 89


state 57

   6) Declaracion : "var" ListaId ":" _ Tipo

  "array"       shift, and go to state 94
  "int"         shift, and go to state 91
  "bool"        shift, and go to state 92
  "char"        shift, and go to state 93

  Tipo          go to state 90

state 58

  11) ListaId : Id "," _ ListaId

  "tkid"        shift, and go to state 24

  Id            go to state 29
  ListaId       go to state 95
  Asignacion    go to state 30

state 59

  12) ListaId : Asignacion "," _ ListaId

  "tkid"        shift, and go to state 24

  Id            go to state 29
  Asignacion    go to state 30
  ListaId       go to state 96

state 60

  15) Asignacion : Id "<-" Expresion _
  38) Expresion : Expresion _ "." Expresion
  39) Expresion : Expresion _ "+" Expresion
  40) Expresion : Expresion _ "-" Expresion
  41) Expresion : Expresion _ "*" Expresion
  42) Expresion : Expresion _ "/" Expresion
  43) Expresion : Expresion _ "%" Expresion
  44) Expresion : Expresion _ "\\/" Expresion
  45) Expresion : Expresion _ "/\\" Expresion
  47) Expresion : Expresion _ "++"
  48) Expresion : Expresion _ "--"
  50) Expresion : Expresion _ "::" Expresion
  52) Expresion : Expresion _ "[" Expresion "]"
  53) Expresion : Expresion _ "<" Expresion
  54) Expresion : Expresion _ "<=" Expresion
  55) Expresion : Expresion _ ">" Expresion
  56) Expresion : Expresion _ ">=" Expresion
  57) Expresion : Expresion _ "=" Expresion
  58) Expresion : Expresion _ "/=" Expresion

  "["           shift, and go to state 75
  "["           [reduce using rule 15 (Asignacion)]
  "::"          shift, and go to state 74
  "::"          [reduce using rule 15 (Asignacion)]
  "++"          shift, and go to state 72
  "++"          [reduce using rule 15 (Asignacion)]
  "--"          shift, and go to state 73
  "--"          [reduce using rule 15 (Asignacion)]
  "+"           shift, and go to state 65
  "+"           [reduce using rule 15 (Asignacion)]
  "-"           shift, and go to state 66
  "-"           [reduce using rule 15 (Asignacion)]
  "*"           shift, and go to state 67
  "*"           [reduce using rule 15 (Asignacion)]
  "/"           shift, and go to state 68
  "/"           [reduce using rule 15 (Asignacion)]
  "%"           shift, and go to state 69
  "%"           [reduce using rule 15 (Asignacion)]
  "\\/"         shift, and go to state 70
  "\\/"         [reduce using rule 15 (Asignacion)]
  "/\\"         shift, and go to state 71
  "/\\"         [reduce using rule 15 (Asignacion)]
  "="           shift, and go to state 80
  "="           [reduce using rule 15 (Asignacion)]
  "/="          shift, and go to state 81
  "/="          [reduce using rule 15 (Asignacion)]
  ">="          shift, and go to state 79
  ">="          [reduce using rule 15 (Asignacion)]
  "<="          shift, and go to state 77
  "<="          [reduce using rule 15 (Asignacion)]
  ">"           shift, and go to state 78
  ">"           [reduce using rule 15 (Asignacion)]
  "<"           shift, and go to state 76
  "<"           [reduce using rule 15 (Asignacion)]
  "."           shift, and go to state 64
  "."           [reduce using rule 15 (Asignacion)]
  $default      reduce using rule 15 (Asignacion)


state 61

  16) Asignacion : Id ListaCorchetes "=" _ Expresion

  "("           shift, and go to state 43
  "$"           shift, and go to state 46
  "#"           shift, and go to state 45
  "-"           shift, and go to state 42
  "not"         shift, and go to state 44
  "true"        shift, and go to state 50
  "false"       shift, and go to state 51
  "tkid"        shift, and go to state 24
  "tknum"       shift, and go to state 48
  "tkcaracter"  shift, and go to state 49

  Id            go to state 39
  Expresion     go to state 97
  Literal       go to state 41
  Asignacion    go to state 47

state 62

  17) ListaCorchetes : "[" Expresion _ "]"
  18) ListaCorchetes : "[" Expresion _ "]" ListaCorchetes
  38) Expresion : Expresion _ "." Expresion
  39) Expresion : Expresion _ "+" Expresion
  40) Expresion : Expresion _ "-" Expresion
  41) Expresion : Expresion _ "*" Expresion
  42) Expresion : Expresion _ "/" Expresion
  43) Expresion : Expresion _ "%" Expresion
  44) Expresion : Expresion _ "\\/" Expresion
  45) Expresion : Expresion _ "/\\" Expresion
  47) Expresion : Expresion _ "++"
  48) Expresion : Expresion _ "--"
  50) Expresion : Expresion _ "::" Expresion
  52) Expresion : Expresion _ "[" Expresion "]"
  53) Expresion : Expresion _ "<" Expresion
  54) Expresion : Expresion _ "<=" Expresion
  55) Expresion : Expresion _ ">" Expresion
  56) Expresion : Expresion _ ">=" Expresion
  57) Expresion : Expresion _ "=" Expresion
  58) Expresion : Expresion _ "/=" Expresion

  "["           shift, and go to state 75
  "]"           shift, and go to state 98
  "::"          shift, and go to state 74
  "++"          shift, and go to state 72
  "--"          shift, and go to state 73
  "+"           shift, and go to state 65
  "-"           shift, and go to state 66
  "*"           shift, and go to state 67
  "/"           shift, and go to state 68
  "%"           shift, and go to state 69
  "\\/"         shift, and go to state 70
  "/\\"         shift, and go to state 71
  "="           shift, and go to state 80
  "/="          shift, and go to state 81
  ">="          shift, and go to state 79
  "<="          shift, and go to state 77
  ">"           shift, and go to state 78
  "<"           shift, and go to state 76
  "."           shift, and go to state 64


state 63

  28) Condicional : "if" Expresion "->" _ Instrucciones "end"
  29) Condicional : "if" Expresion "->" _ Instrucciones "otherwise" "->" Instrucciones "end"

  "with"        shift, and go to state 3
  "begin"       shift, and go to state 4
  "if"          shift, and go to state 19
  "while"       shift, and go to state 20
  "for"         shift, and go to state 21
  "read"        shift, and go to state 22
  "print"       shift, and go to state 23
  "tkid"        shift, and go to state 24

  Id            go to state 10
  Instruccion   go to state 11
  Asignacion    go to state 12
  Bloque        go to state 13
  Condicional   go to state 14
  IteracionInd  go to state 15
  IteracionDet  go to state 16
  Entrada       go to state 17
  Salida        go to state 18
  Instrucciones  go to state 99

state 64

  38) Expresion : Expresion "." _ Expresion

  "("           shift, and go to state 43
  "$"           shift, and go to state 46
  "#"           shift, and go to state 45
  "-"           shift, and go to state 42
  "not"         shift, and go to state 44
  "true"        shift, and go to state 50
  "false"       shift, and go to state 51
  "tkid"        shift, and go to state 24
  "tknum"       shift, and go to state 48
  "tkcaracter"  shift, and go to state 49

  Id            go to state 39
  Literal       go to state 41
  Expresion     go to state 100
  Asignacion    go to state 47

state 65

  39) Expresion : Expresion "+" _ Expresion

  "("           shift, and go to state 43
  "$"           shift, and go to state 46
  "#"           shift, and go to state 45
  "-"           shift, and go to state 42
  "not"         shift, and go to state 44
  "true"        shift, and go to state 50
  "false"       shift, and go to state 51
  "tkid"        shift, and go to state 24
  "tknum"       shift, and go to state 48
  "tkcaracter"  shift, and go to state 49

  Id            go to state 39
  Literal       go to state 41
  Expresion     go to state 101
  Asignacion    go to state 47

state 66

  40) Expresion : Expresion "-" _ Expresion

  "("           shift, and go to state 43
  "$"           shift, and go to state 46
  "#"           shift, and go to state 45
  "-"           shift, and go to state 42
  "not"         shift, and go to state 44
  "true"        shift, and go to state 50
  "false"       shift, and go to state 51
  "tkid"        shift, and go to state 24
  "tknum"       shift, and go to state 48
  "tkcaracter"  shift, and go to state 49

  Id            go to state 39
  Literal       go to state 41
  Expresion     go to state 102
  Asignacion    go to state 47

state 67

  41) Expresion : Expresion "*" _ Expresion

  "("           shift, and go to state 43
  "$"           shift, and go to state 46
  "#"           shift, and go to state 45
  "-"           shift, and go to state 42
  "not"         shift, and go to state 44
  "true"        shift, and go to state 50
  "false"       shift, and go to state 51
  "tkid"        shift, and go to state 24
  "tknum"       shift, and go to state 48
  "tkcaracter"  shift, and go to state 49

  Id            go to state 39
  Literal       go to state 41
  Expresion     go to state 103
  Asignacion    go to state 47

state 68

  42) Expresion : Expresion "/" _ Expresion

  "("           shift, and go to state 43
  "$"           shift, and go to state 46
  "#"           shift, and go to state 45
  "-"           shift, and go to state 42
  "not"         shift, and go to state 44
  "true"        shift, and go to state 50
  "false"       shift, and go to state 51
  "tkid"        shift, and go to state 24
  "tknum"       shift, and go to state 48
  "tkcaracter"  shift, and go to state 49

  Id            go to state 39
  Literal       go to state 41
  Expresion     go to state 104
  Asignacion    go to state 47

state 69

  43) Expresion : Expresion "%" _ Expresion

  "("           shift, and go to state 43
  "$"           shift, and go to state 46
  "#"           shift, and go to state 45
  "-"           shift, and go to state 42
  "not"         shift, and go to state 44
  "true"        shift, and go to state 50
  "false"       shift, and go to state 51
  "tkid"        shift, and go to state 24
  "tknum"       shift, and go to state 48
  "tkcaracter"  shift, and go to state 49

  Id            go to state 39
  Literal       go to state 41
  Expresion     go to state 105
  Asignacion    go to state 47

state 70

  44) Expresion : Expresion "\\/" _ Expresion

  "("           shift, and go to state 43
  "$"           shift, and go to state 46
  "#"           shift, and go to state 45
  "-"           shift, and go to state 42
  "not"         shift, and go to state 44
  "true"        shift, and go to state 50
  "false"       shift, and go to state 51
  "tkid"        shift, and go to state 24
  "tknum"       shift, and go to state 48
  "tkcaracter"  shift, and go to state 49

  Id            go to state 39
  Literal       go to state 41
  Expresion     go to state 106
  Asignacion    go to state 47

state 71

  45) Expresion : Expresion "/\\" _ Expresion

  "("           shift, and go to state 43
  "$"           shift, and go to state 46
  "#"           shift, and go to state 45
  "-"           shift, and go to state 42
  "not"         shift, and go to state 44
  "true"        shift, and go to state 50
  "false"       shift, and go to state 51
  "tkid"        shift, and go to state 24
  "tknum"       shift, and go to state 48
  "tkcaracter"  shift, and go to state 49

  Id            go to state 39
  Literal       go to state 41
  Expresion     go to state 107
  Asignacion    go to state 47

state 72

  47) Expresion : Expresion "++" _

  $default      reduce using rule 47 (Expresion)


state 73

  48) Expresion : Expresion "--" _

  $default      reduce using rule 48 (Expresion)


state 74

  50) Expresion : Expresion "::" _ Expresion

  "("           shift, and go to state 43
  "$"           shift, and go to state 46
  "#"           shift, and go to state 45
  "-"           shift, and go to state 42
  "not"         shift, and go to state 44
  "true"        shift, and go to state 50
  "false"       shift, and go to state 51
  "tkid"        shift, and go to state 24
  "tknum"       shift, and go to state 48
  "tkcaracter"  shift, and go to state 49

  Id            go to state 39
  Literal       go to state 41
  Expresion     go to state 108
  Asignacion    go to state 47

state 75

  52) Expresion : Expresion "[" _ Expresion "]"

  "("           shift, and go to state 43
  "$"           shift, and go to state 46
  "#"           shift, and go to state 45
  "-"           shift, and go to state 42
  "not"         shift, and go to state 44
  "true"        shift, and go to state 50
  "false"       shift, and go to state 51
  "tkid"        shift, and go to state 24
  "tknum"       shift, and go to state 48
  "tkcaracter"  shift, and go to state 49

  Id            go to state 39
  Literal       go to state 41
  Expresion     go to state 109
  Asignacion    go to state 47

state 76

  53) Expresion : Expresion "<" _ Expresion

  "("           shift, and go to state 43
  "$"           shift, and go to state 46
  "#"           shift, and go to state 45
  "-"           shift, and go to state 42
  "not"         shift, and go to state 44
  "true"        shift, and go to state 50
  "false"       shift, and go to state 51
  "tkid"        shift, and go to state 24
  "tknum"       shift, and go to state 48
  "tkcaracter"  shift, and go to state 49

  Id            go to state 39
  Literal       go to state 41
  Expresion     go to state 110
  Asignacion    go to state 47

state 77

  54) Expresion : Expresion "<=" _ Expresion

  "("           shift, and go to state 43
  "$"           shift, and go to state 46
  "#"           shift, and go to state 45
  "-"           shift, and go to state 42
  "not"         shift, and go to state 44
  "true"        shift, and go to state 50
  "false"       shift, and go to state 51
  "tkid"        shift, and go to state 24
  "tknum"       shift, and go to state 48
  "tkcaracter"  shift, and go to state 49

  Id            go to state 39
  Literal       go to state 41
  Expresion     go to state 111
  Asignacion    go to state 47

state 78

  55) Expresion : Expresion ">" _ Expresion

  "("           shift, and go to state 43
  "$"           shift, and go to state 46
  "#"           shift, and go to state 45
  "-"           shift, and go to state 42
  "not"         shift, and go to state 44
  "true"        shift, and go to state 50
  "false"       shift, and go to state 51
  "tkid"        shift, and go to state 24
  "tknum"       shift, and go to state 48
  "tkcaracter"  shift, and go to state 49

  Id            go to state 39
  Literal       go to state 41
  Expresion     go to state 112
  Asignacion    go to state 47

state 79

  56) Expresion : Expresion ">=" _ Expresion

  "("           shift, and go to state 43
  "$"           shift, and go to state 46
  "#"           shift, and go to state 45
  "-"           shift, and go to state 42
  "not"         shift, and go to state 44
  "true"        shift, and go to state 50
  "false"       shift, and go to state 51
  "tkid"        shift, and go to state 24
  "tknum"       shift, and go to state 48
  "tkcaracter"  shift, and go to state 49

  Id            go to state 39
  Literal       go to state 41
  Expresion     go to state 113
  Asignacion    go to state 47

state 80

  57) Expresion : Expresion "=" _ Expresion

  "("           shift, and go to state 43
  "$"           shift, and go to state 46
  "#"           shift, and go to state 45
  "-"           shift, and go to state 42
  "not"         shift, and go to state 44
  "true"        shift, and go to state 50
  "false"       shift, and go to state 51
  "tkid"        shift, and go to state 24
  "tknum"       shift, and go to state 48
  "tkcaracter"  shift, and go to state 49

  Id            go to state 39
  Literal       go to state 41
  Expresion     go to state 114
  Asignacion    go to state 47

state 81

  58) Expresion : Expresion "/=" _ Expresion

  "("           shift, and go to state 43
  "$"           shift, and go to state 46
  "#"           shift, and go to state 45
  "-"           shift, and go to state 42
  "not"         shift, and go to state 44
  "true"        shift, and go to state 50
  "false"       shift, and go to state 51
  "tkid"        shift, and go to state 24
  "tknum"       shift, and go to state 48
  "tkcaracter"  shift, and go to state 49

  Id            go to state 39
  Literal       go to state 41
  Expresion     go to state 115
  Asignacion    go to state 47

state 82

  36) Expresion : "-" Expresion _
  38) Expresion : Expresion _ "." Expresion
  39) Expresion : Expresion _ "+" Expresion
  40) Expresion : Expresion _ "-" Expresion
  41) Expresion : Expresion _ "*" Expresion
  42) Expresion : Expresion _ "/" Expresion
  43) Expresion : Expresion _ "%" Expresion
  44) Expresion : Expresion _ "\\/" Expresion
  45) Expresion : Expresion _ "/\\" Expresion
  47) Expresion : Expresion _ "++"
  48) Expresion : Expresion _ "--"
  50) Expresion : Expresion _ "::" Expresion
  52) Expresion : Expresion _ "[" Expresion "]"
  53) Expresion : Expresion _ "<" Expresion
  54) Expresion : Expresion _ "<=" Expresion
  55) Expresion : Expresion _ ">" Expresion
  56) Expresion : Expresion _ ">=" Expresion
  57) Expresion : Expresion _ "=" Expresion
  58) Expresion : Expresion _ "/=" Expresion

  "["           shift, and go to state 75
  "::"          shift, and go to state 74
  "++"          shift, and go to state 72
  "--"          shift, and go to state 73
  "+"           shift, and go to state 65
  "-"           shift, and go to state 66
  "*"           shift, and go to state 67
  "/"           shift, and go to state 68
  "%"           shift, and go to state 69
  "."           shift, and go to state 64
  "."           [reduce using rule 36 (Expresion)]
  $default      reduce using rule 36 (Expresion)


state 83

  37) Expresion : "(" Expresion _ ")"
  38) Expresion : Expresion _ "." Expresion
  39) Expresion : Expresion _ "+" Expresion
  40) Expresion : Expresion _ "-" Expresion
  41) Expresion : Expresion _ "*" Expresion
  42) Expresion : Expresion _ "/" Expresion
  43) Expresion : Expresion _ "%" Expresion
  44) Expresion : Expresion _ "\\/" Expresion
  45) Expresion : Expresion _ "/\\" Expresion
  47) Expresion : Expresion _ "++"
  48) Expresion : Expresion _ "--"
  50) Expresion : Expresion _ "::" Expresion
  52) Expresion : Expresion _ "[" Expresion "]"
  53) Expresion : Expresion _ "<" Expresion
  54) Expresion : Expresion _ "<=" Expresion
  55) Expresion : Expresion _ ">" Expresion
  56) Expresion : Expresion _ ">=" Expresion
  57) Expresion : Expresion _ "=" Expresion
  58) Expresion : Expresion _ "/=" Expresion

  ")"           shift, and go to state 116
  "["           shift, and go to state 75
  "::"          shift, and go to state 74
  "++"          shift, and go to state 72
  "--"          shift, and go to state 73
  "+"           shift, and go to state 65
  "-"           shift, and go to state 66
  "*"           shift, and go to state 67
  "/"           shift, and go to state 68
  "%"           shift, and go to state 69
  "\\/"         shift, and go to state 70
  "/\\"         shift, and go to state 71
  "="           shift, and go to state 80
  "/="          shift, and go to state 81
  ">="          shift, and go to state 79
  "<="          shift, and go to state 77
  ">"           shift, and go to state 78
  "<"           shift, and go to state 76
  "."           shift, and go to state 64


state 84

  38) Expresion : Expresion _ "." Expresion
  39) Expresion : Expresion _ "+" Expresion
  40) Expresion : Expresion _ "-" Expresion
  41) Expresion : Expresion _ "*" Expresion
  42) Expresion : Expresion _ "/" Expresion
  43) Expresion : Expresion _ "%" Expresion
  44) Expresion : Expresion _ "\\/" Expresion
  45) Expresion : Expresion _ "/\\" Expresion
  46) Expresion : "not" Expresion _
  47) Expresion : Expresion _ "++"
  48) Expresion : Expresion _ "--"
  50) Expresion : Expresion _ "::" Expresion
  52) Expresion : Expresion _ "[" Expresion "]"
  53) Expresion : Expresion _ "<" Expresion
  54) Expresion : Expresion _ "<=" Expresion
  55) Expresion : Expresion _ ">" Expresion
  56) Expresion : Expresion _ ">=" Expresion
  57) Expresion : Expresion _ "=" Expresion
  58) Expresion : Expresion _ "/=" Expresion

  "["           shift, and go to state 75
  "::"          shift, and go to state 74
  "++"          shift, and go to state 72
  "--"          shift, and go to state 73
  "+"           shift, and go to state 65
  "-"           shift, and go to state 66
  "*"           shift, and go to state 67
  "/"           shift, and go to state 68
  "%"           shift, and go to state 69
  "\\/"         shift, and go to state 70
  "/\\"         shift, and go to state 71
  "."           shift, and go to state 64
  "."           [reduce using rule 46 (Expresion)]
  $default      reduce using rule 46 (Expresion)


state 85

  38) Expresion : Expresion _ "." Expresion
  39) Expresion : Expresion _ "+" Expresion
  40) Expresion : Expresion _ "-" Expresion
  41) Expresion : Expresion _ "*" Expresion
  42) Expresion : Expresion _ "/" Expresion
  43) Expresion : Expresion _ "%" Expresion
  44) Expresion : Expresion _ "\\/" Expresion
  45) Expresion : Expresion _ "/\\" Expresion
  47) Expresion : Expresion _ "++"
  48) Expresion : Expresion _ "--"
  49) Expresion : "#" Expresion _
  50) Expresion : Expresion _ "::" Expresion
  52) Expresion : Expresion _ "[" Expresion "]"
  53) Expresion : Expresion _ "<" Expresion
  54) Expresion : Expresion _ "<=" Expresion
  55) Expresion : Expresion _ ">" Expresion
  56) Expresion : Expresion _ ">=" Expresion
  57) Expresion : Expresion _ "=" Expresion
  58) Expresion : Expresion _ "/=" Expresion

  "["           shift, and go to state 75
  "::"          shift, and go to state 74
  "++"          shift, and go to state 72
  "--"          shift, and go to state 73
  "."           shift, and go to state 64
  "."           [reduce using rule 49 (Expresion)]
  $default      reduce using rule 49 (Expresion)


state 86

  38) Expresion : Expresion _ "." Expresion
  39) Expresion : Expresion _ "+" Expresion
  40) Expresion : Expresion _ "-" Expresion
  41) Expresion : Expresion _ "*" Expresion
  42) Expresion : Expresion _ "/" Expresion
  43) Expresion : Expresion _ "%" Expresion
  44) Expresion : Expresion _ "\\/" Expresion
  45) Expresion : Expresion _ "/\\" Expresion
  47) Expresion : Expresion _ "++"
  48) Expresion : Expresion _ "--"
  50) Expresion : Expresion _ "::" Expresion
  51) Expresion : "$" Expresion _
  52) Expresion : Expresion _ "[" Expresion "]"
  53) Expresion : Expresion _ "<" Expresion
  54) Expresion : Expresion _ "<=" Expresion
  55) Expresion : Expresion _ ">" Expresion
  56) Expresion : Expresion _ ">=" Expresion
  57) Expresion : Expresion _ "=" Expresion
  58) Expresion : Expresion _ "/=" Expresion

  "["           shift, and go to state 75
  "::"          shift, and go to state 74
  "."           shift, and go to state 64
  "."           [reduce using rule 51 (Expresion)]
  $default      reduce using rule 51 (Expresion)


state 87

  30) IteracionInd : "while" Expresion "->" _ Instrucciones "end"

  "with"        shift, and go to state 3
  "begin"       shift, and go to state 4
  "if"          shift, and go to state 19
  "while"       shift, and go to state 20
  "for"         shift, and go to state 21
  "read"        shift, and go to state 22
  "print"       shift, and go to state 23
  "tkid"        shift, and go to state 24

  Id            go to state 10
  Instruccion   go to state 11
  Asignacion    go to state 12
  Bloque        go to state 13
  Condicional   go to state 14
  IteracionInd  go to state 15
  IteracionDet  go to state 16
  Entrada       go to state 17
  Salida        go to state 18
  Instrucciones  go to state 117

state 88

  31) IteracionDet : "for" Id "from" _ Expresion "to" Expresion "->" Instrucciones "end"
  32) IteracionDet : "for" Id "from" _ Expresion "to" Expresion "step" Expresion "->" Instrucciones "end"

  "("           shift, and go to state 43
  "$"           shift, and go to state 46
  "#"           shift, and go to state 45
  "-"           shift, and go to state 42
  "not"         shift, and go to state 44
  "true"        shift, and go to state 50
  "false"       shift, and go to state 51
  "tkid"        shift, and go to state 24
  "tknum"       shift, and go to state 48
  "tkcaracter"  shift, and go to state 49

  Id            go to state 39
  Expresion     go to state 118
  Literal       go to state 41
  Asignacion    go to state 47

state 89

   2) Bloque : "with" Declaraciones "begin" Instrucciones "end" _

  $default      reduce using rule 2 (Bloque)


state 90

   6) Declaracion : "var" ListaId ":" Tipo _

  $default      reduce using rule 6 (Declaracion)


state 91

   7) Tipo : "int" _

  $default      reduce using rule 7 (Tipo)


state 92

   8) Tipo : "bool" _

  $default      reduce using rule 8 (Tipo)


state 93

   9) Tipo : "char" _

  $default      reduce using rule 9 (Tipo)


state 94

  10) Tipo : "array" _ "[" Expresion "]" "of" Tipo

  "["           shift, and go to state 119


state 95

  11) ListaId : Id "," ListaId _

  $default      reduce using rule 11 (ListaId)


state 96

  12) ListaId : Asignacion "," ListaId _

  $default      reduce using rule 12 (ListaId)


state 97

  16) Asignacion : Id ListaCorchetes "=" Expresion _
  38) Expresion : Expresion _ "." Expresion
  39) Expresion : Expresion _ "+" Expresion
  40) Expresion : Expresion _ "-" Expresion
  41) Expresion : Expresion _ "*" Expresion
  42) Expresion : Expresion _ "/" Expresion
  43) Expresion : Expresion _ "%" Expresion
  44) Expresion : Expresion _ "\\/" Expresion
  45) Expresion : Expresion _ "/\\" Expresion
  47) Expresion : Expresion _ "++"
  48) Expresion : Expresion _ "--"
  50) Expresion : Expresion _ "::" Expresion
  52) Expresion : Expresion _ "[" Expresion "]"
  53) Expresion : Expresion _ "<" Expresion
  54) Expresion : Expresion _ "<=" Expresion
  55) Expresion : Expresion _ ">" Expresion
  56) Expresion : Expresion _ ">=" Expresion
  57) Expresion : Expresion _ "=" Expresion
  58) Expresion : Expresion _ "/=" Expresion

  "["           shift, and go to state 75
  "::"          shift, and go to state 74
  "++"          shift, and go to state 72
  "--"          shift, and go to state 73
  "+"           shift, and go to state 65
  "-"           shift, and go to state 66
  "*"           shift, and go to state 67
  "/"           shift, and go to state 68
  "%"           shift, and go to state 69
  "\\/"         shift, and go to state 70
  "/\\"         shift, and go to state 71
  "."           shift, and go to state 64
  "."           [reduce using rule 16 (Asignacion)]
  "="           error
  "/="          error
  ">="          error
  "<="          error
  ">"           error
  "<"           error
  $default      reduce using rule 16 (Asignacion)


state 98

  17) ListaCorchetes : "[" Expresion "]" _
  18) ListaCorchetes : "[" Expresion "]" _ ListaCorchetes

  "["           shift, and go to state 34
  $default      reduce using rule 17 (ListaCorchetes)

  ListaCorchetes  go to state 120

state 99

  28) Condicional : "if" Expresion "->" Instrucciones _ "end"
  29) Condicional : "if" Expresion "->" Instrucciones _ "otherwise" "->" Instrucciones "end"

  "end"         shift, and go to state 121
  "otherwise"   shift, and go to state 122


state 100

  38) Expresion : Expresion _ "." Expresion
  38) Expresion : Expresion "." Expresion _
  39) Expresion : Expresion _ "+" Expresion
  40) Expresion : Expresion _ "-" Expresion
  41) Expresion : Expresion _ "*" Expresion
  42) Expresion : Expresion _ "/" Expresion
  43) Expresion : Expresion _ "%" Expresion
  44) Expresion : Expresion _ "\\/" Expresion
  45) Expresion : Expresion _ "/\\" Expresion
  47) Expresion : Expresion _ "++"
  48) Expresion : Expresion _ "--"
  50) Expresion : Expresion _ "::" Expresion
  52) Expresion : Expresion _ "[" Expresion "]"
  53) Expresion : Expresion _ "<" Expresion
  54) Expresion : Expresion _ "<=" Expresion
  55) Expresion : Expresion _ ">" Expresion
  56) Expresion : Expresion _ ">=" Expresion
  57) Expresion : Expresion _ "=" Expresion
  58) Expresion : Expresion _ "/=" Expresion

  "["           shift, and go to state 75
  "["           [reduce using rule 38 (Expresion)]
  "::"          shift, and go to state 74
  "::"          [reduce using rule 38 (Expresion)]
  "++"          shift, and go to state 72
  "++"          [reduce using rule 38 (Expresion)]
  "--"          shift, and go to state 73
  "--"          [reduce using rule 38 (Expresion)]
  "+"           shift, and go to state 65
  "+"           [reduce using rule 38 (Expresion)]
  "-"           shift, and go to state 66
  "-"           [reduce using rule 38 (Expresion)]
  "*"           shift, and go to state 67
  "*"           [reduce using rule 38 (Expresion)]
  "/"           shift, and go to state 68
  "/"           [reduce using rule 38 (Expresion)]
  "%"           shift, and go to state 69
  "%"           [reduce using rule 38 (Expresion)]
  "\\/"         shift, and go to state 70
  "\\/"         [reduce using rule 38 (Expresion)]
  "/\\"         shift, and go to state 71
  "/\\"         [reduce using rule 38 (Expresion)]
  "="           shift, and go to state 80
  "="           [reduce using rule 38 (Expresion)]
  "/="          shift, and go to state 81
  "/="          [reduce using rule 38 (Expresion)]
  ">="          shift, and go to state 79
  ">="          [reduce using rule 38 (Expresion)]
  "<="          shift, and go to state 77
  "<="          [reduce using rule 38 (Expresion)]
  ">"           shift, and go to state 78
  ">"           [reduce using rule 38 (Expresion)]
  "<"           shift, and go to state 76
  "<"           [reduce using rule 38 (Expresion)]
  "."           shift, and go to state 64
  "."           [reduce using rule 38 (Expresion)]
  $default      reduce using rule 38 (Expresion)


state 101

  38) Expresion : Expresion _ "." Expresion
  39) Expresion : Expresion _ "+" Expresion
  39) Expresion : Expresion "+" Expresion _
  40) Expresion : Expresion _ "-" Expresion
  41) Expresion : Expresion _ "*" Expresion
  42) Expresion : Expresion _ "/" Expresion
  43) Expresion : Expresion _ "%" Expresion
  44) Expresion : Expresion _ "\\/" Expresion
  45) Expresion : Expresion _ "/\\" Expresion
  47) Expresion : Expresion _ "++"
  48) Expresion : Expresion _ "--"
  50) Expresion : Expresion _ "::" Expresion
  52) Expresion : Expresion _ "[" Expresion "]"
  53) Expresion : Expresion _ "<" Expresion
  54) Expresion : Expresion _ "<=" Expresion
  55) Expresion : Expresion _ ">" Expresion
  56) Expresion : Expresion _ ">=" Expresion
  57) Expresion : Expresion _ "=" Expresion
  58) Expresion : Expresion _ "/=" Expresion

  "["           shift, and go to state 75
  "::"          shift, and go to state 74
  "++"          shift, and go to state 72
  "--"          shift, and go to state 73
  "."           shift, and go to state 64
  "."           [reduce using rule 39 (Expresion)]
  $default      reduce using rule 39 (Expresion)


state 102

  38) Expresion : Expresion _ "." Expresion
  39) Expresion : Expresion _ "+" Expresion
  40) Expresion : Expresion _ "-" Expresion
  40) Expresion : Expresion "-" Expresion _
  41) Expresion : Expresion _ "*" Expresion
  42) Expresion : Expresion _ "/" Expresion
  43) Expresion : Expresion _ "%" Expresion
  44) Expresion : Expresion _ "\\/" Expresion
  45) Expresion : Expresion _ "/\\" Expresion
  47) Expresion : Expresion _ "++"
  48) Expresion : Expresion _ "--"
  50) Expresion : Expresion _ "::" Expresion
  52) Expresion : Expresion _ "[" Expresion "]"
  53) Expresion : Expresion _ "<" Expresion
  54) Expresion : Expresion _ "<=" Expresion
  55) Expresion : Expresion _ ">" Expresion
  56) Expresion : Expresion _ ">=" Expresion
  57) Expresion : Expresion _ "=" Expresion
  58) Expresion : Expresion _ "/=" Expresion

  "["           shift, and go to state 75
  "::"          shift, and go to state 74
  "++"          shift, and go to state 72
  "--"          shift, and go to state 73
  "."           shift, and go to state 64
  "."           [reduce using rule 40 (Expresion)]
  $default      reduce using rule 40 (Expresion)


state 103

  38) Expresion : Expresion _ "." Expresion
  39) Expresion : Expresion _ "+" Expresion
  40) Expresion : Expresion _ "-" Expresion
  41) Expresion : Expresion _ "*" Expresion
  41) Expresion : Expresion "*" Expresion _
  42) Expresion : Expresion _ "/" Expresion
  43) Expresion : Expresion _ "%" Expresion
  44) Expresion : Expresion _ "\\/" Expresion
  45) Expresion : Expresion _ "/\\" Expresion
  47) Expresion : Expresion _ "++"
  48) Expresion : Expresion _ "--"
  50) Expresion : Expresion _ "::" Expresion
  52) Expresion : Expresion _ "[" Expresion "]"
  53) Expresion : Expresion _ "<" Expresion
  54) Expresion : Expresion _ "<=" Expresion
  55) Expresion : Expresion _ ">" Expresion
  56) Expresion : Expresion _ ">=" Expresion
  57) Expresion : Expresion _ "=" Expresion
  58) Expresion : Expresion _ "/=" Expresion

  "["           shift, and go to state 75
  "::"          shift, and go to state 74
  "++"          shift, and go to state 72
  "--"          shift, and go to state 73
  "+"           shift, and go to state 65
  "-"           shift, and go to state 66
  "."           shift, and go to state 64
  "."           [reduce using rule 41 (Expresion)]
  $default      reduce using rule 41 (Expresion)


state 104

  38) Expresion : Expresion _ "." Expresion
  39) Expresion : Expresion _ "+" Expresion
  40) Expresion : Expresion _ "-" Expresion
  41) Expresion : Expresion _ "*" Expresion
  42) Expresion : Expresion _ "/" Expresion
  42) Expresion : Expresion "/" Expresion _
  43) Expresion : Expresion _ "%" Expresion
  44) Expresion : Expresion _ "\\/" Expresion
  45) Expresion : Expresion _ "/\\" Expresion
  47) Expresion : Expresion _ "++"
  48) Expresion : Expresion _ "--"
  50) Expresion : Expresion _ "::" Expresion
  52) Expresion : Expresion _ "[" Expresion "]"
  53) Expresion : Expresion _ "<" Expresion
  54) Expresion : Expresion _ "<=" Expresion
  55) Expresion : Expresion _ ">" Expresion
  56) Expresion : Expresion _ ">=" Expresion
  57) Expresion : Expresion _ "=" Expresion
  58) Expresion : Expresion _ "/=" Expresion

  "["           shift, and go to state 75
  "::"          shift, and go to state 74
  "++"          shift, and go to state 72
  "--"          shift, and go to state 73
  "+"           shift, and go to state 65
  "-"           shift, and go to state 66
  "."           shift, and go to state 64
  "."           [reduce using rule 42 (Expresion)]
  $default      reduce using rule 42 (Expresion)


state 105

  38) Expresion : Expresion _ "." Expresion
  39) Expresion : Expresion _ "+" Expresion
  40) Expresion : Expresion _ "-" Expresion
  41) Expresion : Expresion _ "*" Expresion
  42) Expresion : Expresion _ "/" Expresion
  43) Expresion : Expresion _ "%" Expresion
  43) Expresion : Expresion "%" Expresion _
  44) Expresion : Expresion _ "\\/" Expresion
  45) Expresion : Expresion _ "/\\" Expresion
  47) Expresion : Expresion _ "++"
  48) Expresion : Expresion _ "--"
  50) Expresion : Expresion _ "::" Expresion
  52) Expresion : Expresion _ "[" Expresion "]"
  53) Expresion : Expresion _ "<" Expresion
  54) Expresion : Expresion _ "<=" Expresion
  55) Expresion : Expresion _ ">" Expresion
  56) Expresion : Expresion _ ">=" Expresion
  57) Expresion : Expresion _ "=" Expresion
  58) Expresion : Expresion _ "/=" Expresion

  "["           shift, and go to state 75
  "::"          shift, and go to state 74
  "++"          shift, and go to state 72
  "--"          shift, and go to state 73
  "+"           shift, and go to state 65
  "-"           shift, and go to state 66
  "."           shift, and go to state 64
  "."           [reduce using rule 43 (Expresion)]
  $default      reduce using rule 43 (Expresion)


state 106

  38) Expresion : Expresion _ "." Expresion
  39) Expresion : Expresion _ "+" Expresion
  40) Expresion : Expresion _ "-" Expresion
  41) Expresion : Expresion _ "*" Expresion
  42) Expresion : Expresion _ "/" Expresion
  43) Expresion : Expresion _ "%" Expresion
  44) Expresion : Expresion _ "\\/" Expresion
  44) Expresion : Expresion "\\/" Expresion _
  45) Expresion : Expresion _ "/\\" Expresion
  47) Expresion : Expresion _ "++"
  48) Expresion : Expresion _ "--"
  50) Expresion : Expresion _ "::" Expresion
  52) Expresion : Expresion _ "[" Expresion "]"
  53) Expresion : Expresion _ "<" Expresion
  54) Expresion : Expresion _ "<=" Expresion
  55) Expresion : Expresion _ ">" Expresion
  56) Expresion : Expresion _ ">=" Expresion
  57) Expresion : Expresion _ "=" Expresion
  58) Expresion : Expresion _ "/=" Expresion

  "["           shift, and go to state 75
  "::"          shift, and go to state 74
  "++"          shift, and go to state 72
  "--"          shift, and go to state 73
  "+"           shift, and go to state 65
  "-"           shift, and go to state 66
  "*"           shift, and go to state 67
  "/"           shift, and go to state 68
  "%"           shift, and go to state 69
  "."           shift, and go to state 64
  "."           [reduce using rule 44 (Expresion)]
  $default      reduce using rule 44 (Expresion)


state 107

  38) Expresion : Expresion _ "." Expresion
  39) Expresion : Expresion _ "+" Expresion
  40) Expresion : Expresion _ "-" Expresion
  41) Expresion : Expresion _ "*" Expresion
  42) Expresion : Expresion _ "/" Expresion
  43) Expresion : Expresion _ "%" Expresion
  44) Expresion : Expresion _ "\\/" Expresion
  45) Expresion : Expresion _ "/\\" Expresion
  45) Expresion : Expresion "/\\" Expresion _
  47) Expresion : Expresion _ "++"
  48) Expresion : Expresion _ "--"
  50) Expresion : Expresion _ "::" Expresion
  52) Expresion : Expresion _ "[" Expresion "]"
  53) Expresion : Expresion _ "<" Expresion
  54) Expresion : Expresion _ "<=" Expresion
  55) Expresion : Expresion _ ">" Expresion
  56) Expresion : Expresion _ ">=" Expresion
  57) Expresion : Expresion _ "=" Expresion
  58) Expresion : Expresion _ "/=" Expresion

  "["           shift, and go to state 75
  "::"          shift, and go to state 74
  "++"          shift, and go to state 72
  "--"          shift, and go to state 73
  "+"           shift, and go to state 65
  "-"           shift, and go to state 66
  "*"           shift, and go to state 67
  "/"           shift, and go to state 68
  "%"           shift, and go to state 69
  "\\/"         shift, and go to state 70
  "."           shift, and go to state 64
  "."           [reduce using rule 45 (Expresion)]
  $default      reduce using rule 45 (Expresion)


state 108

  38) Expresion : Expresion _ "." Expresion
  39) Expresion : Expresion _ "+" Expresion
  40) Expresion : Expresion _ "-" Expresion
  41) Expresion : Expresion _ "*" Expresion
  42) Expresion : Expresion _ "/" Expresion
  43) Expresion : Expresion _ "%" Expresion
  44) Expresion : Expresion _ "\\/" Expresion
  45) Expresion : Expresion _ "/\\" Expresion
  47) Expresion : Expresion _ "++"
  48) Expresion : Expresion _ "--"
  50) Expresion : Expresion _ "::" Expresion
  50) Expresion : Expresion "::" Expresion _
  52) Expresion : Expresion _ "[" Expresion "]"
  53) Expresion : Expresion _ "<" Expresion
  54) Expresion : Expresion _ "<=" Expresion
  55) Expresion : Expresion _ ">" Expresion
  56) Expresion : Expresion _ ">=" Expresion
  57) Expresion : Expresion _ "=" Expresion
  58) Expresion : Expresion _ "/=" Expresion

  "["           shift, and go to state 75
  "."           shift, and go to state 64
  "."           [reduce using rule 50 (Expresion)]
  $default      reduce using rule 50 (Expresion)


state 109

  38) Expresion : Expresion _ "." Expresion
  39) Expresion : Expresion _ "+" Expresion
  40) Expresion : Expresion _ "-" Expresion
  41) Expresion : Expresion _ "*" Expresion
  42) Expresion : Expresion _ "/" Expresion
  43) Expresion : Expresion _ "%" Expresion
  44) Expresion : Expresion _ "\\/" Expresion
  45) Expresion : Expresion _ "/\\" Expresion
  47) Expresion : Expresion _ "++"
  48) Expresion : Expresion _ "--"
  50) Expresion : Expresion _ "::" Expresion
  52) Expresion : Expresion _ "[" Expresion "]"
  52) Expresion : Expresion "[" Expresion _ "]"
  53) Expresion : Expresion _ "<" Expresion
  54) Expresion : Expresion _ "<=" Expresion
  55) Expresion : Expresion _ ">" Expresion
  56) Expresion : Expresion _ ">=" Expresion
  57) Expresion : Expresion _ "=" Expresion
  58) Expresion : Expresion _ "/=" Expresion

  "["           shift, and go to state 75
  "]"           shift, and go to state 123
  "::"          shift, and go to state 74
  "++"          shift, and go to state 72
  "--"          shift, and go to state 73
  "+"           shift, and go to state 65
  "-"           shift, and go to state 66
  "*"           shift, and go to state 67
  "/"           shift, and go to state 68
  "%"           shift, and go to state 69
  "\\/"         shift, and go to state 70
  "/\\"         shift, and go to state 71
  "="           shift, and go to state 80
  "/="          shift, and go to state 81
  ">="          shift, and go to state 79
  "<="          shift, and go to state 77
  ">"           shift, and go to state 78
  "<"           shift, and go to state 76
  "."           shift, and go to state 64


state 110

  38) Expresion : Expresion _ "." Expresion
  39) Expresion : Expresion _ "+" Expresion
  40) Expresion : Expresion _ "-" Expresion
  41) Expresion : Expresion _ "*" Expresion
  42) Expresion : Expresion _ "/" Expresion
  43) Expresion : Expresion _ "%" Expresion
  44) Expresion : Expresion _ "\\/" Expresion
  45) Expresion : Expresion _ "/\\" Expresion
  47) Expresion : Expresion _ "++"
  48) Expresion : Expresion _ "--"
  50) Expresion : Expresion _ "::" Expresion
  52) Expresion : Expresion _ "[" Expresion "]"
  53) Expresion : Expresion _ "<" Expresion
  53) Expresion : Expresion "<" Expresion _
  54) Expresion : Expresion _ "<=" Expresion
  55) Expresion : Expresion _ ">" Expresion
  56) Expresion : Expresion _ ">=" Expresion
  57) Expresion : Expresion _ "=" Expresion
  58) Expresion : Expresion _ "/=" Expresion

  "["           shift, and go to state 75
  "::"          shift, and go to state 74
  "++"          shift, and go to state 72
  "--"          shift, and go to state 73
  "+"           shift, and go to state 65
  "-"           shift, and go to state 66
  "*"           shift, and go to state 67
  "/"           shift, and go to state 68
  "%"           shift, and go to state 69
  "\\/"         shift, and go to state 70
  "/\\"         shift, and go to state 71
  "."           shift, and go to state 64
  "."           [reduce using rule 53 (Expresion)]
  "="           error
  "/="          error
  ">="          error
  "<="          error
  ">"           error
  "<"           error
  $default      reduce using rule 53 (Expresion)


state 111

  38) Expresion : Expresion _ "." Expresion
  39) Expresion : Expresion _ "+" Expresion
  40) Expresion : Expresion _ "-" Expresion
  41) Expresion : Expresion _ "*" Expresion
  42) Expresion : Expresion _ "/" Expresion
  43) Expresion : Expresion _ "%" Expresion
  44) Expresion : Expresion _ "\\/" Expresion
  45) Expresion : Expresion _ "/\\" Expresion
  47) Expresion : Expresion _ "++"
  48) Expresion : Expresion _ "--"
  50) Expresion : Expresion _ "::" Expresion
  52) Expresion : Expresion _ "[" Expresion "]"
  53) Expresion : Expresion _ "<" Expresion
  54) Expresion : Expresion _ "<=" Expresion
  54) Expresion : Expresion "<=" Expresion _
  55) Expresion : Expresion _ ">" Expresion
  56) Expresion : Expresion _ ">=" Expresion
  57) Expresion : Expresion _ "=" Expresion
  58) Expresion : Expresion _ "/=" Expresion

  "["           shift, and go to state 75
  "::"          shift, and go to state 74
  "++"          shift, and go to state 72
  "--"          shift, and go to state 73
  "+"           shift, and go to state 65
  "-"           shift, and go to state 66
  "*"           shift, and go to state 67
  "/"           shift, and go to state 68
  "%"           shift, and go to state 69
  "\\/"         shift, and go to state 70
  "/\\"         shift, and go to state 71
  "."           shift, and go to state 64
  "."           [reduce using rule 54 (Expresion)]
  "="           error
  "/="          error
  ">="          error
  "<="          error
  ">"           error
  "<"           error
  $default      reduce using rule 54 (Expresion)


state 112

  38) Expresion : Expresion _ "." Expresion
  39) Expresion : Expresion _ "+" Expresion
  40) Expresion : Expresion _ "-" Expresion
  41) Expresion : Expresion _ "*" Expresion
  42) Expresion : Expresion _ "/" Expresion
  43) Expresion : Expresion _ "%" Expresion
  44) Expresion : Expresion _ "\\/" Expresion
  45) Expresion : Expresion _ "/\\" Expresion
  47) Expresion : Expresion _ "++"
  48) Expresion : Expresion _ "--"
  50) Expresion : Expresion _ "::" Expresion
  52) Expresion : Expresion _ "[" Expresion "]"
  53) Expresion : Expresion _ "<" Expresion
  54) Expresion : Expresion _ "<=" Expresion
  55) Expresion : Expresion _ ">" Expresion
  55) Expresion : Expresion ">" Expresion _
  56) Expresion : Expresion _ ">=" Expresion
  57) Expresion : Expresion _ "=" Expresion
  58) Expresion : Expresion _ "/=" Expresion

  "["           shift, and go to state 75
  "::"          shift, and go to state 74
  "++"          shift, and go to state 72
  "--"          shift, and go to state 73
  "+"           shift, and go to state 65
  "-"           shift, and go to state 66
  "*"           shift, and go to state 67
  "/"           shift, and go to state 68
  "%"           shift, and go to state 69
  "\\/"         shift, and go to state 70
  "/\\"         shift, and go to state 71
  "."           shift, and go to state 64
  "."           [reduce using rule 55 (Expresion)]
  "="           error
  "/="          error
  ">="          error
  "<="          error
  ">"           error
  "<"           error
  $default      reduce using rule 55 (Expresion)


state 113

  38) Expresion : Expresion _ "." Expresion
  39) Expresion : Expresion _ "+" Expresion
  40) Expresion : Expresion _ "-" Expresion
  41) Expresion : Expresion _ "*" Expresion
  42) Expresion : Expresion _ "/" Expresion
  43) Expresion : Expresion _ "%" Expresion
  44) Expresion : Expresion _ "\\/" Expresion
  45) Expresion : Expresion _ "/\\" Expresion
  47) Expresion : Expresion _ "++"
  48) Expresion : Expresion _ "--"
  50) Expresion : Expresion _ "::" Expresion
  52) Expresion : Expresion _ "[" Expresion "]"
  53) Expresion : Expresion _ "<" Expresion
  54) Expresion : Expresion _ "<=" Expresion
  55) Expresion : Expresion _ ">" Expresion
  56) Expresion : Expresion _ ">=" Expresion
  56) Expresion : Expresion ">=" Expresion _
  57) Expresion : Expresion _ "=" Expresion
  58) Expresion : Expresion _ "/=" Expresion

  "["           shift, and go to state 75
  "::"          shift, and go to state 74
  "++"          shift, and go to state 72
  "--"          shift, and go to state 73
  "+"           shift, and go to state 65
  "-"           shift, and go to state 66
  "*"           shift, and go to state 67
  "/"           shift, and go to state 68
  "%"           shift, and go to state 69
  "\\/"         shift, and go to state 70
  "/\\"         shift, and go to state 71
  "."           shift, and go to state 64
  "."           [reduce using rule 56 (Expresion)]
  "="           error
  "/="          error
  ">="          error
  "<="          error
  ">"           error
  "<"           error
  $default      reduce using rule 56 (Expresion)


state 114

  38) Expresion : Expresion _ "." Expresion
  39) Expresion : Expresion _ "+" Expresion
  40) Expresion : Expresion _ "-" Expresion
  41) Expresion : Expresion _ "*" Expresion
  42) Expresion : Expresion _ "/" Expresion
  43) Expresion : Expresion _ "%" Expresion
  44) Expresion : Expresion _ "\\/" Expresion
  45) Expresion : Expresion _ "/\\" Expresion
  47) Expresion : Expresion _ "++"
  48) Expresion : Expresion _ "--"
  50) Expresion : Expresion _ "::" Expresion
  52) Expresion : Expresion _ "[" Expresion "]"
  53) Expresion : Expresion _ "<" Expresion
  54) Expresion : Expresion _ "<=" Expresion
  55) Expresion : Expresion _ ">" Expresion
  56) Expresion : Expresion _ ">=" Expresion
  57) Expresion : Expresion _ "=" Expresion
  57) Expresion : Expresion "=" Expresion _
  58) Expresion : Expresion _ "/=" Expresion

  "["           shift, and go to state 75
  "::"          shift, and go to state 74
  "++"          shift, and go to state 72
  "--"          shift, and go to state 73
  "+"           shift, and go to state 65
  "-"           shift, and go to state 66
  "*"           shift, and go to state 67
  "/"           shift, and go to state 68
  "%"           shift, and go to state 69
  "\\/"         shift, and go to state 70
  "/\\"         shift, and go to state 71
  "."           shift, and go to state 64
  "."           [reduce using rule 57 (Expresion)]
  "="           error
  "/="          error
  ">="          error
  "<="          error
  ">"           error
  "<"           error
  $default      reduce using rule 57 (Expresion)


state 115

  38) Expresion : Expresion _ "." Expresion
  39) Expresion : Expresion _ "+" Expresion
  40) Expresion : Expresion _ "-" Expresion
  41) Expresion : Expresion _ "*" Expresion
  42) Expresion : Expresion _ "/" Expresion
  43) Expresion : Expresion _ "%" Expresion
  44) Expresion : Expresion _ "\\/" Expresion
  45) Expresion : Expresion _ "/\\" Expresion
  47) Expresion : Expresion _ "++"
  48) Expresion : Expresion _ "--"
  50) Expresion : Expresion _ "::" Expresion
  52) Expresion : Expresion _ "[" Expresion "]"
  53) Expresion : Expresion _ "<" Expresion
  54) Expresion : Expresion _ "<=" Expresion
  55) Expresion : Expresion _ ">" Expresion
  56) Expresion : Expresion _ ">=" Expresion
  57) Expresion : Expresion _ "=" Expresion
  58) Expresion : Expresion _ "/=" Expresion
  58) Expresion : Expresion "/=" Expresion _

  "["           shift, and go to state 75
  "::"          shift, and go to state 74
  "++"          shift, and go to state 72
  "--"          shift, and go to state 73
  "+"           shift, and go to state 65
  "-"           shift, and go to state 66
  "*"           shift, and go to state 67
  "/"           shift, and go to state 68
  "%"           shift, and go to state 69
  "\\/"         shift, and go to state 70
  "/\\"         shift, and go to state 71
  "."           shift, and go to state 64
  "."           [reduce using rule 58 (Expresion)]
  "="           error
  "/="          error
  ">="          error
  "<="          error
  ">"           error
  "<"           error
  $default      reduce using rule 58 (Expresion)


state 116

  37) Expresion : "(" Expresion ")" _

  $default      reduce using rule 37 (Expresion)


state 117

  30) IteracionInd : "while" Expresion "->" Instrucciones _ "end"

  "end"         shift, and go to state 124


state 118

  31) IteracionDet : "for" Id "from" Expresion _ "to" Expresion "->" Instrucciones "end"
  32) IteracionDet : "for" Id "from" Expresion _ "to" Expresion "step" Expresion "->" Instrucciones "end"
  38) Expresion : Expresion _ "." Expresion
  39) Expresion : Expresion _ "+" Expresion
  40) Expresion : Expresion _ "-" Expresion
  41) Expresion : Expresion _ "*" Expresion
  42) Expresion : Expresion _ "/" Expresion
  43) Expresion : Expresion _ "%" Expresion
  44) Expresion : Expresion _ "\\/" Expresion
  45) Expresion : Expresion _ "/\\" Expresion
  47) Expresion : Expresion _ "++"
  48) Expresion : Expresion _ "--"
  50) Expresion : Expresion _ "::" Expresion
  52) Expresion : Expresion _ "[" Expresion "]"
  53) Expresion : Expresion _ "<" Expresion
  54) Expresion : Expresion _ "<=" Expresion
  55) Expresion : Expresion _ ">" Expresion
  56) Expresion : Expresion _ ">=" Expresion
  57) Expresion : Expresion _ "=" Expresion
  58) Expresion : Expresion _ "/=" Expresion

  "["           shift, and go to state 75
  "::"          shift, and go to state 74
  "++"          shift, and go to state 72
  "--"          shift, and go to state 73
  "+"           shift, and go to state 65
  "-"           shift, and go to state 66
  "*"           shift, and go to state 67
  "/"           shift, and go to state 68
  "%"           shift, and go to state 69
  "\\/"         shift, and go to state 70
  "/\\"         shift, and go to state 71
  "="           shift, and go to state 80
  "/="          shift, and go to state 81
  ">="          shift, and go to state 79
  "<="          shift, and go to state 77
  ">"           shift, and go to state 78
  "<"           shift, and go to state 76
  "to"          shift, and go to state 125
  "."           shift, and go to state 64


state 119

  10) Tipo : "array" "[" _ Expresion "]" "of" Tipo

  "("           shift, and go to state 43
  "$"           shift, and go to state 46
  "#"           shift, and go to state 45
  "-"           shift, and go to state 42
  "not"         shift, and go to state 44
  "true"        shift, and go to state 50
  "false"       shift, and go to state 51
  "tkid"        shift, and go to state 24
  "tknum"       shift, and go to state 48
  "tkcaracter"  shift, and go to state 49

  Expresion     go to state 126
  Id            go to state 39
  Literal       go to state 41
  Asignacion    go to state 47

state 120

  18) ListaCorchetes : "[" Expresion "]" ListaCorchetes _

  $default      reduce using rule 18 (ListaCorchetes)


state 121

  28) Condicional : "if" Expresion "->" Instrucciones "end" _

  $default      reduce using rule 28 (Condicional)


state 122

  29) Condicional : "if" Expresion "->" Instrucciones "otherwise" _ "->" Instrucciones "end"

  "->"          shift, and go to state 127


state 123

  52) Expresion : Expresion "[" Expresion "]" _

  $default      reduce using rule 52 (Expresion)


state 124

  30) IteracionInd : "while" Expresion "->" Instrucciones "end" _

  $default      reduce using rule 30 (IteracionInd)


state 125

  31) IteracionDet : "for" Id "from" Expresion "to" _ Expresion "->" Instrucciones "end"
  32) IteracionDet : "for" Id "from" Expresion "to" _ Expresion "step" Expresion "->" Instrucciones "end"

  "("           shift, and go to state 43
  "$"           shift, and go to state 46
  "#"           shift, and go to state 45
  "-"           shift, and go to state 42
  "not"         shift, and go to state 44
  "true"        shift, and go to state 50
  "false"       shift, and go to state 51
  "tkid"        shift, and go to state 24
  "tknum"       shift, and go to state 48
  "tkcaracter"  shift, and go to state 49

  Id            go to state 39
  Expresion     go to state 128
  Literal       go to state 41
  Asignacion    go to state 47

state 126

  10) Tipo : "array" "[" Expresion _ "]" "of" Tipo
  38) Expresion : Expresion _ "." Expresion
  39) Expresion : Expresion _ "+" Expresion
  40) Expresion : Expresion _ "-" Expresion
  41) Expresion : Expresion _ "*" Expresion
  42) Expresion : Expresion _ "/" Expresion
  43) Expresion : Expresion _ "%" Expresion
  44) Expresion : Expresion _ "\\/" Expresion
  45) Expresion : Expresion _ "/\\" Expresion
  47) Expresion : Expresion _ "++"
  48) Expresion : Expresion _ "--"
  50) Expresion : Expresion _ "::" Expresion
  52) Expresion : Expresion _ "[" Expresion "]"
  53) Expresion : Expresion _ "<" Expresion
  54) Expresion : Expresion _ "<=" Expresion
  55) Expresion : Expresion _ ">" Expresion
  56) Expresion : Expresion _ ">=" Expresion
  57) Expresion : Expresion _ "=" Expresion
  58) Expresion : Expresion _ "/=" Expresion

  "["           shift, and go to state 75
  "]"           shift, and go to state 129
  "::"          shift, and go to state 74
  "++"          shift, and go to state 72
  "--"          shift, and go to state 73
  "+"           shift, and go to state 65
  "-"           shift, and go to state 66
  "*"           shift, and go to state 67
  "/"           shift, and go to state 68
  "%"           shift, and go to state 69
  "\\/"         shift, and go to state 70
  "/\\"         shift, and go to state 71
  "="           shift, and go to state 80
  "/="          shift, and go to state 81
  ">="          shift, and go to state 79
  "<="          shift, and go to state 77
  ">"           shift, and go to state 78
  "<"           shift, and go to state 76
  "."           shift, and go to state 64


state 127

  29) Condicional : "if" Expresion "->" Instrucciones "otherwise" "->" _ Instrucciones "end"

  "with"        shift, and go to state 3
  "begin"       shift, and go to state 4
  "if"          shift, and go to state 19
  "while"       shift, and go to state 20
  "for"         shift, and go to state 21
  "read"        shift, and go to state 22
  "print"       shift, and go to state 23
  "tkid"        shift, and go to state 24

  Id            go to state 10
  Instruccion   go to state 11
  Asignacion    go to state 12
  Bloque        go to state 13
  Condicional   go to state 14
  IteracionInd  go to state 15
  IteracionDet  go to state 16
  Entrada       go to state 17
  Salida        go to state 18
  Instrucciones  go to state 130

state 128

  31) IteracionDet : "for" Id "from" Expresion "to" Expresion _ "->" Instrucciones "end"
  32) IteracionDet : "for" Id "from" Expresion "to" Expresion _ "step" Expresion "->" Instrucciones "end"
  38) Expresion : Expresion _ "." Expresion
  39) Expresion : Expresion _ "+" Expresion
  40) Expresion : Expresion _ "-" Expresion
  41) Expresion : Expresion _ "*" Expresion
  42) Expresion : Expresion _ "/" Expresion
  43) Expresion : Expresion _ "%" Expresion
  44) Expresion : Expresion _ "\\/" Expresion
  45) Expresion : Expresion _ "/\\" Expresion
  47) Expresion : Expresion _ "++"
  48) Expresion : Expresion _ "--"
  50) Expresion : Expresion _ "::" Expresion
  52) Expresion : Expresion _ "[" Expresion "]"
  53) Expresion : Expresion _ "<" Expresion
  54) Expresion : Expresion _ "<=" Expresion
  55) Expresion : Expresion _ ">" Expresion
  56) Expresion : Expresion _ ">=" Expresion
  57) Expresion : Expresion _ "=" Expresion
  58) Expresion : Expresion _ "/=" Expresion

  "["           shift, and go to state 75
  "::"          shift, and go to state 74
  "++"          shift, and go to state 72
  "--"          shift, and go to state 73
  "+"           shift, and go to state 65
  "-"           shift, and go to state 66
  "*"           shift, and go to state 67
  "/"           shift, and go to state 68
  "%"           shift, and go to state 69
  "\\/"         shift, and go to state 70
  "/\\"         shift, and go to state 71
  "="           shift, and go to state 80
  "/="          shift, and go to state 81
  ">="          shift, and go to state 79
  "<="          shift, and go to state 77
  ">"           shift, and go to state 78
  "<"           shift, and go to state 76
  "step"        shift, and go to state 132
  "."           shift, and go to state 64
  "->"          shift, and go to state 131


state 129

  10) Tipo : "array" "[" Expresion "]" _ "of" Tipo

  "of"          shift, and go to state 133


state 130

  29) Condicional : "if" Expresion "->" Instrucciones "otherwise" "->" Instrucciones _ "end"

  "end"         shift, and go to state 134


state 131

  31) IteracionDet : "for" Id "from" Expresion "to" Expresion "->" _ Instrucciones "end"

  "with"        shift, and go to state 3
  "begin"       shift, and go to state 4
  "if"          shift, and go to state 19
  "while"       shift, and go to state 20
  "for"         shift, and go to state 21
  "read"        shift, and go to state 22
  "print"       shift, and go to state 23
  "tkid"        shift, and go to state 24

  Id            go to state 10
  Instruccion   go to state 11
  Asignacion    go to state 12
  Bloque        go to state 13
  Condicional   go to state 14
  IteracionInd  go to state 15
  IteracionDet  go to state 16
  Entrada       go to state 17
  Salida        go to state 18
  Instrucciones  go to state 135

state 132

  32) IteracionDet : "for" Id "from" Expresion "to" Expresion "step" _ Expresion "->" Instrucciones "end"

  "("           shift, and go to state 43
  "$"           shift, and go to state 46
  "#"           shift, and go to state 45
  "-"           shift, and go to state 42
  "not"         shift, and go to state 44
  "true"        shift, and go to state 50
  "false"       shift, and go to state 51
  "tkid"        shift, and go to state 24
  "tknum"       shift, and go to state 48
  "tkcaracter"  shift, and go to state 49

  Id            go to state 39
  Expresion     go to state 136
  Literal       go to state 41
  Asignacion    go to state 47

state 133

  10) Tipo : "array" "[" Expresion "]" "of" _ Tipo

  "array"       shift, and go to state 94
  "int"         shift, and go to state 91
  "bool"        shift, and go to state 92
  "char"        shift, and go to state 93

  Tipo          go to state 137

state 134

  29) Condicional : "if" Expresion "->" Instrucciones "otherwise" "->" Instrucciones "end" _

  $default      reduce using rule 29 (Condicional)


state 135

  31) IteracionDet : "for" Id "from" Expresion "to" Expresion "->" Instrucciones _ "end"

  "end"         shift, and go to state 138


state 136

  32) IteracionDet : "for" Id "from" Expresion "to" Expresion "step" Expresion _ "->" Instrucciones "end"
  38) Expresion : Expresion _ "." Expresion
  39) Expresion : Expresion _ "+" Expresion
  40) Expresion : Expresion _ "-" Expresion
  41) Expresion : Expresion _ "*" Expresion
  42) Expresion : Expresion _ "/" Expresion
  43) Expresion : Expresion _ "%" Expresion
  44) Expresion : Expresion _ "\\/" Expresion
  45) Expresion : Expresion _ "/\\" Expresion
  47) Expresion : Expresion _ "++"
  48) Expresion : Expresion _ "--"
  50) Expresion : Expresion _ "::" Expresion
  52) Expresion : Expresion _ "[" Expresion "]"
  53) Expresion : Expresion _ "<" Expresion
  54) Expresion : Expresion _ "<=" Expresion
  55) Expresion : Expresion _ ">" Expresion
  56) Expresion : Expresion _ ">=" Expresion
  57) Expresion : Expresion _ "=" Expresion
  58) Expresion : Expresion _ "/=" Expresion

  "["           shift, and go to state 75
  "::"          shift, and go to state 74
  "++"          shift, and go to state 72
  "--"          shift, and go to state 73
  "+"           shift, and go to state 65
  "-"           shift, and go to state 66
  "*"           shift, and go to state 67
  "/"           shift, and go to state 68
  "%"           shift, and go to state 69
  "\\/"         shift, and go to state 70
  "/\\"         shift, and go to state 71
  "="           shift, and go to state 80
  "/="          shift, and go to state 81
  ">="          shift, and go to state 79
  "<="          shift, and go to state 77
  ">"           shift, and go to state 78
  "<"           shift, and go to state 76
  "."           shift, and go to state 64
  "->"          shift, and go to state 139


state 137

  10) Tipo : "array" "[" Expresion "]" "of" Tipo _

  $default      reduce using rule 10 (Tipo)


state 138

  31) IteracionDet : "for" Id "from" Expresion "to" Expresion "->" Instrucciones "end" _

  $default      reduce using rule 31 (IteracionDet)


state 139

  32) IteracionDet : "for" Id "from" Expresion "to" Expresion "step" Expresion "->" _ Instrucciones "end"

  "with"        shift, and go to state 3
  "begin"       shift, and go to state 4
  "if"          shift, and go to state 19
  "while"       shift, and go to state 20
  "for"         shift, and go to state 21
  "read"        shift, and go to state 22
  "print"       shift, and go to state 23
  "tkid"        shift, and go to state 24

  Id            go to state 10
  Instruccion   go to state 11
  Asignacion    go to state 12
  Bloque        go to state 13
  Condicional   go to state 14
  IteracionInd  go to state 15
  IteracionDet  go to state 16
  Entrada       go to state 17
  Salida        go to state 18
  Instrucciones  go to state 140

state 140

  32) IteracionDet : "for" Id "from" Expresion "to" Expresion "step" Expresion "->" Instrucciones _ "end"

  "end"         shift, and go to state 141


state 141

  32) IteracionDet : "for" Id "from" Expresion "to" Expresion "step" Expresion "->" Instrucciones "end" _

  $default      reduce using rule 32 (IteracionDet)

